 Fermi distribution function

MD step: 359


********************************************************************************
 iSCC Total electronic   Diff electronic      SCC error    
   16   -0.27061391E+03    0.55340024E-07    0.51774592E-06
********************************************************************************

Coordinates of moved atoms (au):
    1     15.28780424     12.59544088     10.02643185
    2     11.43744534      6.64747190      4.85094556
    3     13.77752206      6.19808025      0.35489732
    4     12.05922072     -1.18036531     15.80300413
    5     11.18484164      2.79203335      9.02528087
    6     12.52743895      7.61383449     -0.91025294
    7     16.54711514      0.27903083     14.86434097
    8      2.87443742      6.60928027     12.45330244
    9      6.88238969     10.65301671      3.90530124
   10     15.13442224     13.70690203      2.98251314
   11      4.29150906     15.40050869     11.60942904
   12      2.38862415     11.21930109     15.72789337
   13     10.15911250     17.58894770      1.46690201
   14     15.75656311      2.05705640      5.67234193
   15      8.32965471     -0.57081278      5.89464086
   16      4.13035408     18.77505273      3.20895410
   17     12.09698022      4.71957968      9.19999756
   18     16.13614647     15.05710341     12.27750454
   19      2.96260245      1.61290811      9.85746516
   20      5.53687168     18.64496283      1.51151808
   21      9.11895683     17.53792859     10.14355089
   22     10.24662504     10.58931538     21.05890716
   23     23.27004551      4.79583328      6.06326892
   24     15.96918486      1.10727502     12.88044026
   25      5.90694435      1.10928227     13.33315665
   26      1.16378902     21.83647684     22.13958177
   27     11.33889724      4.77462238      4.11269493
   28      6.04124730     11.13927412     17.27497008
   29      6.15003717     15.90348259      7.54820522
   30     14.08823870      8.02147814      7.94026504
   31     13.07387045      7.59877762     12.35083676
   32      8.15655803      5.30176356      2.08758832
   33      9.93951736     17.15062667      8.29313915
   34      6.55536634     13.95861747      7.26743915
   35     13.39222340     19.58429977     19.81392509
   36      4.01054809      6.76336000      5.89111560
   37      5.08560601      4.72858236     17.62324362
   38      1.13212183     17.57331124     14.07528761
   39     17.52645765      7.55512973     13.58679524
   40     12.05508940     11.86925177     16.38049148
   41      2.49983800      9.73795699      0.19164299
   42     18.59033196      6.57554687      3.65560863
   43      0.49996314     -3.69226871      5.87683725
   44     19.33955425     10.91362153      6.35434684
   45      7.54445231     10.15954053     15.56472214
   46      1.54749962      4.09618200     13.76998026
   47      7.34782982      9.72118407      9.50961472
   48      2.04518452     14.55896326      6.99614309
   49     13.12919163     18.18012990     11.47360263
   50      9.52533540      3.01357302     -0.10999867
   51      3.18156286     11.33917254     10.39655932
   52     19.04130398      5.26097193      5.27557317
   53     11.20930093     12.75647808      8.55138402
   54      5.58436478      5.58297532     15.76742226
   55     16.11336980      5.89749152     13.85521567
   56     -1.13125150      4.31881327     17.56086759
   57     16.62782328     12.18746056     -2.21153474
   58     13.91369215     21.40240557     20.86017917
   59      7.60982939      1.07537329      4.55167390
   60     11.22220607     13.35027892     18.21150626
   61      3.44560451      9.01618125      1.98050114
   62      5.04021420     15.34017951     13.63738304
   63      7.51658135      5.36019155     10.32350879
   64      2.36555166     15.32241943      1.74514800
   65     17.43553162      1.44919897      6.69817071
   66     11.12385381      5.12415979     13.59109924
   67      7.88004200      4.38389131      8.17300191
   68      1.84418886     13.23632643     16.19283678
   69     -0.13177694      6.07085350     18.61564345
   70     14.60496347     11.64664197      2.43231182
   71      6.72706487     13.71908287     -1.63955028
   72      0.41268049     14.46103941     20.01775855
   73     12.50040683      9.61561414     13.01266826
   74      6.15821219     12.36451150      2.61079679
   75     11.98740673      3.10521064     13.21446331
   76      1.79331433     -0.11537393     10.29740576
   77     10.54434534     19.13382474     16.06763429
   78     -1.24185701     17.56971300     18.22245405
   79     16.94667120      5.74315713      9.43849502
   80     15.54365296      9.24736022      6.66343217
   81      8.51725706     12.57728881     13.98143181
   82     -0.28319657     19.36162273     18.21426970
   83     17.78706316     12.71381177      9.54138276
   84     13.35533807     18.15732437      4.79421212
   85      1.77944645     12.53206185     11.34770811
   86      9.42961115     14.15513392     16.29129032
   87     17.29176894     10.03538486     -2.46278644
   88     19.19129621      2.91520289     12.27409247
   89      2.25609419     17.75598519     15.86815539
   90      8.68514318     10.11744899     11.19888139
   91      9.84486906     11.14405285     18.70353832
   92      7.13554118     -0.37248643     13.99648422
   93     12.58683554     16.45494443     12.60464953
   94     15.48395736      8.12461535      3.63968047
   95     12.02955865     11.89146250      6.87949511
   96     11.92598395     12.29246896     14.27836504
   97     -0.13106569      1.04254039      2.99973042
   98      3.56732444      6.88695488     10.26805936
   99      8.50300385      1.33782297      0.99545695
  100      7.97099179      7.46649265      1.70988744
  101      7.91881812     15.23583445     12.66207786
  102     10.05542112     15.88298452      2.70967613
  103     -1.29272618     14.93542024     13.94170906
  104     15.17093839     16.64549336      4.74098026
  105     -0.59641162     11.57259484      4.72725302
  106     17.91382970      7.62558878      9.49079234
  107     10.39432986      7.82389924      6.75235037
  108      6.06850286     16.06917924     16.07700703

 Total charge:    -0.00000000

 Atomic gross charges (e)
 Atom           Charge
    1      -0.06744403
    2       0.56845659
    3       0.04075564
    4       0.01546361
    5       0.00979293
    6      -0.10315786
    7      -0.07774683
    8       0.09270698
    9       0.07648110
   10       0.05348721
   11      -0.13843757
   12       0.01233233
   13       0.13484524
   14       0.04154414
   15       0.09085926
   16      -0.01213301
   17      -0.01429696
   18       0.02933551
   19       0.01499266
   20      -0.01166380
   21      -0.09721710
   22      -0.15975090
   23       0.00095202
   24       0.04514961
   25      -0.11159437
   26       0.00356108
   27      -0.16610632
   28       0.03657859
   29       0.03932070
   30      -0.06913868
   31       0.17053565
   32       0.01152733
   33       0.07807493
   34      -0.03880398
   35      -0.04374754
   36       0.00933460
   37      -0.01325553
   38       0.03253531
   39      -0.00786122
   40       0.07449807
   41       0.02873574
   42       0.07170831
   43       0.00609817
   44       0.01990829
   45      -0.12050744
   46       0.01199748
   47       0.06289817
   48      -0.00936832
   49      -0.00368700
   50      -0.09297898
   51      -0.08362806
   52       0.05173901
   53      -0.03533676
   54       0.00861555
   55      -0.04107007
   56      -0.01430249
   57      -0.05710024
   58       0.03125376
   59      -0.04295865
   60       0.11174733
   61      -0.00850433
   62       0.52992959
   63      -0.06813478
   64      -0.03305636
   65      -0.01743924
   66       0.00593554
   67       0.00229779
   68      -0.09411953
   69      -0.03657443
   70       0.04914296
   71       0.07353130
   72       0.01282850
   73       0.08808109
   74      -0.10325312
   75      -0.01858339
   76       0.01261495
   77      -0.02284385
   78      -0.01393367
   79      -0.02215527
   80       0.07831476
   81       0.08988590
   82       0.07588667
   83      -0.05456514
   84      -0.12101542
   85       0.09588153
   86      -0.03314423
   87       0.00527084
   88      -0.05738501
   89      -0.07260625
   90      -0.05195819
   91       0.07416944
   92       0.10880763
   93       0.00687046
   94      -0.23589731
   95       0.01832516
   96       0.15212567
   97      -0.04628895
   98      -0.06978657
   99       0.17751032
  100      -0.05526793
  101      -0.22888000
  102      -0.06238172
  103      -0.04984848
  104      -0.00091186
  105      -0.01920534
  106       0.00549522
  107      -0.37174701
  108      -0.14794717

Nr. of electrons (up):    540.00000000
Atom populations (up)
 Atom       Population
    1       5.06744403
    2       4.43154341
    3       4.95924436
    4       4.98453639
    5       4.99020707
    6       5.10315786
    7       5.07774683
    8       4.90729302
    9       4.92351890
   10       4.94651279
   11       5.13843757
   12       4.98766767
   13       4.86515476
   14       4.95845586
   15       4.90914074
   16       5.01213301
   17       5.01429696
   18       4.97066449
   19       4.98500734
   20       5.01166380
   21       5.09721710
   22       5.15975090
   23       4.99904798
   24       4.95485039
   25       5.11159437
   26       4.99643892
   27       5.16610632
   28       4.96342141
   29       4.96067930
   30       5.06913868
   31       4.82946435
   32       4.98847267
   33       4.92192507
   34       5.03880398
   35       5.04374754
   36       4.99066540
   37       5.01325553
   38       4.96746469
   39       5.00786122
   40       4.92550193
   41       4.97126426
   42       4.92829169
   43       4.99390183
   44       4.98009171
   45       5.12050744
   46       4.98800252
   47       4.93710183
   48       5.00936832
   49       5.00368700
   50       5.09297898
   51       5.08362806
   52       4.94826099
   53       5.03533676
   54       4.99138445
   55       5.04107007
   56       5.01430249
   57       5.05710024
   58       4.96874624
   59       5.04295865
   60       4.88825267
   61       5.00850433
   62       4.47007041
   63       5.06813478
   64       5.03305636
   65       5.01743924
   66       4.99406446
   67       4.99770221
   68       5.09411953
   69       5.03657443
   70       4.95085704
   71       4.92646870
   72       4.98717150
   73       4.91191891
   74       5.10325312
   75       5.01858339
   76       4.98738505
   77       5.02284385
   78       5.01393367
   79       5.02215527
   80       4.92168524
   81       4.91011410
   82       4.92411333
   83       5.05456514
   84       5.12101542
   85       4.90411847
   86       5.03314423
   87       4.99472916
   88       5.05738501
   89       5.07260625
   90       5.05195819
   91       4.92583056
   92       4.89119237
   93       4.99312954
   94       5.23589731
   95       4.98167484
   96       4.84787433
   97       5.04628895
   98       5.06978657
   99       4.82248968
  100       5.05526793
  101       5.22888000
  102       5.06238172
  103       5.04984848
  104       5.00091186
  105       5.01920534
  106       4.99450478
  107       5.37174701
  108       5.14794717

l-shell populations (up)
 Atom Sh.   l       Population
    1   1   0       1.75029390
    1   2   1       3.31715013
    2   1   0       1.28370624
    2   2   1       3.14783717
    3   1   0       1.67712543
    3   2   1       3.28211892
    4   1   0       1.60900830
    4   2   1       3.37552808
    5   1   0       1.64426474
    5   2   1       3.34594233
    6   1   0       1.69099909
    6   2   1       3.41215877
    7   1   0       1.67166027
    7   2   1       3.40608656
    8   1   0       1.59822398
    8   2   1       3.30906904
    9   1   0       1.67388656
    9   2   1       3.24963234
   10   1   0       1.60230424
   10   2   1       3.34420854
   11   1   0       1.64219266
   11   2   1       3.49624490
   12   1   0       1.64237982
   12   2   1       3.34528784
   13   1   0       1.53633327
   13   2   1       3.32882149
   14   1   0       1.61669747
   14   2   1       3.34175839
   15   1   0       1.55174382
   15   2   1       3.35739692
   16   1   0       1.66502567
   16   2   1       3.34710735
   17   1   0       1.64793826
   17   2   1       3.36635870
   18   1   0       1.62381529
   18   2   1       3.34684920
   19   1   0       1.64639916
   19   2   1       3.33860818
   20   1   0       1.63445899
   20   2   1       3.37720480
   21   1   0       1.60895806
   21   2   1       3.48825904
   22   1   0       1.71582961
   22   2   1       3.44392129
   23   1   0       1.61280365
   23   2   1       3.38624434
   24   1   0       1.65555855
   24   2   1       3.29929184
   25   1   0       1.61857955
   25   2   1       3.49301482
   26   1   0       1.64813649
   26   2   1       3.34830243
   27   1   0       1.60243092
   27   2   1       3.56367540
   28   1   0       1.55189329
   28   2   1       3.41152813
   29   1   0       1.60187568
   29   2   1       3.35880363
   30   1   0       1.67922250
   30   2   1       3.38991618
   31   1   0       1.62044123
   31   2   1       3.20902312
   32   1   0       1.63815754
   32   2   1       3.35031512
   33   1   0       1.56645810
   33   2   1       3.35546697
   34   1   0       1.61419238
   34   2   1       3.42461159
   35   1   0       1.64469593
   35   2   1       3.39905161
   36   1   0       1.61674422
   36   2   1       3.37392119
   37   1   0       1.64452682
   37   2   1       3.36872870
   38   1   0       1.61021588
   38   2   1       3.35724881
   39   1   0       1.65388302
   39   2   1       3.35397820
   40   1   0       1.35676379
   40   2   1       3.56873814
   41   1   0       1.63522511
   41   2   1       3.33603915
   42   1   0       1.58050592
   42   2   1       3.34778578
   43   1   0       1.62084434
   43   2   1       3.37305749
   44   1   0       1.61291920
   44   2   1       3.36717251
   45   1   0       1.65325194
   45   2   1       3.46725549
   46   1   0       1.62009623
   46   2   1       3.36790630
   47   1   0       1.66091112
   47   2   1       3.27619072
   48   1   0       1.62226810
   48   2   1       3.38710022
   49   1   0       1.63122182
   49   2   1       3.37246519
   50   1   0       1.65458560
   50   2   1       3.43839338
   51   1   0       1.62719685
   51   2   1       3.45643121
   52   1   0       1.62002861
   52   2   1       3.32823238
   53   1   0       1.62985913
   53   2   1       3.40547763
   54   1   0       1.64061421
   54   2   1       3.35077024
   55   1   0       1.65481313
   55   2   1       3.38625694
   56   1   0       1.68269717
   56   2   1       3.33160531
   57   1   0       1.68034510
   57   2   1       3.37675514
   58   1   0       1.64925702
   58   2   1       3.31948922
   59   1   0       1.66075463
   59   2   1       3.38220402
   60   1   0       1.52642589
   60   2   1       3.36182678
   61   1   0       1.65252725
   61   2   1       3.35597709
   62   1   0       1.31947759
   62   2   1       3.15059281
   63   1   0       1.71623982
   63   2   1       3.35189496
   64   1   0       1.67603438
   64   2   1       3.35702198
   65   1   0       1.62897440
   65   2   1       3.38846484
   66   1   0       1.63620334
   66   2   1       3.35786112
   67   1   0       1.71146705
   67   2   1       3.28623515
   68   1   0       1.64574829
   68   2   1       3.44837124
   69   1   0       1.68302399
   69   2   1       3.35355044
   70   1   0       1.64440952
   70   2   1       3.30644751
   71   1   0       1.42891781
   71   2   1       3.49755089
   72   1   0       1.67037557
   72   2   1       3.31679593
   73   1   0       1.44036824
   73   2   1       3.47155066
   74   1   0       1.68639044
   74   2   1       3.41686268
   75   1   0       1.66618248
   75   2   1       3.35240091
   76   1   0       1.64534879
   76   2   1       3.34203625
   77   1   0       1.62170741
   77   2   1       3.40113643
   78   1   0       1.61527503
   78   2   1       3.39865863
   79   1   0       1.64279003
   79   2   1       3.37936524
   80   1   0       1.59692470
   80   2   1       3.32476054
   81   1   0       1.60020380
   81   2   1       3.30991031
   82   1   0       1.59697002
   82   2   1       3.32714331
   83   1   0       1.71909040
   83   2   1       3.33547474
   84   1   0       1.70642889
   84   2   1       3.41458653
   85   1   0       1.59279167
   85   2   1       3.31132680
   86   1   0       1.56407507
   86   2   1       3.46906916
   87   1   0       1.66646132
   87   2   1       3.32826784
   88   1   0       1.67345510
   88   2   1       3.38392991
   89   1   0       1.64111554
   89   2   1       3.43149071
   90   1   0       1.64605063
   90   2   1       3.40590756
   91   1   0       1.52546585
   91   2   1       3.40036471
   92   1   0       1.57783938
   92   2   1       3.31335299
   93   1   0       1.62664338
   93   2   1       3.36648615
   94   1   0       1.89299171
   94   2   1       3.34290559
   95   1   0       1.62745925
   95   2   1       3.35421559
   96   1   0       1.55536549
   96   2   1       3.29250884
   97   1   0       1.68231306
   97   2   1       3.36397589
   98   1   0       1.68993465
   98   2   1       3.37985191
   99   1   0       1.53282460
   99   2   1       3.28966508
  100   1   0       1.64185494
  100   2   1       3.41341299
  101   1   0       1.81583121
  101   2   1       3.41304880
  102   1   0       1.63862709
  102   2   1       3.42375463
  103   1   0       1.64237437
  103   2   1       3.40747411
  104   1   0       1.68740997
  104   2   1       3.31350189
  105   1   0       1.61936943
  105   2   1       3.39983591
  106   1   0       1.64318992
  106   2   1       3.35131487
  107   1   0       1.72012160
  107   2   1       3.65162541
  108   1   0       1.61666563
  108   2   1       3.53128154

Orbital populations (up)
 Atom Sh.   l   m       Population  Label
    1   1   0   0       1.75029390  s
    1   2   1  -1       0.98717063  p_y
    1   2   1   0       1.12120441  p_z
    1   2   1   1       1.20877509  p_x
    2   1   0   0       1.28370624  s
    2   2   1  -1       1.06312812  p_y
    2   2   1   0       1.01279337  p_z
    2   2   1   1       1.07191568  p_x
    3   1   0   0       1.67712543  s
    3   2   1  -1       1.10365557  p_y
    3   2   1   0       1.08443923  p_z
    3   2   1   1       1.09402412  p_x
    4   1   0   0       1.60900830  s
    4   2   1  -1       1.16239854  p_y
    4   2   1   0       0.99882231  p_z
    4   2   1   1       1.21430723  p_x
    5   1   0   0       1.64426474  s
    5   2   1  -1       1.27950093  p_y
    5   2   1   0       1.03489637  p_z
    5   2   1   1       1.03154503  p_x
    6   1   0   0       1.69099909  s
    6   2   1  -1       1.14828856  p_y
    6   2   1   0       1.13557000  p_z
    6   2   1   1       1.12830021  p_x
    7   1   0   0       1.67166027  s
    7   2   1  -1       1.07290389  p_y
    7   2   1   0       1.24103901  p_z
    7   2   1   1       1.09214367  p_x
    8   1   0   0       1.59822398  s
    8   2   1  -1       1.01295589  p_y
    8   2   1   0       1.22615147  p_z
    8   2   1   1       1.06996167  p_x
    9   1   0   0       1.67388656  s
    9   2   1  -1       1.15068452  p_y
    9   2   1   0       1.11513852  p_z
    9   2   1   1       0.98380930  p_x
   10   1   0   0       1.60230424  s
   10   2   1  -1       1.20357061  p_y
   10   2   1   0       1.04582899  p_z
   10   2   1   1       1.09480894  p_x
   11   1   0   0       1.64219266  s
   11   2   1  -1       0.97185737  p_y
   11   2   1   0       1.25409293  p_z
   11   2   1   1       1.27029460  p_x
   12   1   0   0       1.64237982  s
   12   2   1  -1       1.28982111  p_y
   12   2   1   0       1.01244074  p_z
   12   2   1   1       1.04302600  p_x
   13   1   0   0       1.53633327  s
   13   2   1  -1       1.08422801  p_y
   13   2   1   0       1.20244233  p_z
   13   2   1   1       1.04215115  p_x
   14   1   0   0       1.61669747  s
   14   2   1  -1       1.03309372  p_y
   14   2   1   0       1.08500116  p_z
   14   2   1   1       1.22366351  p_x
   15   1   0   0       1.55174382  s
   15   2   1  -1       1.21595719  p_y
   15   2   1   0       1.07083969  p_z
   15   2   1   1       1.07060004  p_x
   16   1   0   0       1.66502567  s
   16   2   1  -1       1.01425194  p_y
   16   2   1   0       1.21522406  p_z
   16   2   1   1       1.11763134  p_x
   17   1   0   0       1.64793826  s
   17   2   1  -1       1.26520012  p_y
   17   2   1   0       0.99337016  p_z
   17   2   1   1       1.10778842  p_x
   18   1   0   0       1.62381529  s
   18   2   1  -1       1.07796716  p_y
   18   2   1   0       1.12884037  p_z
   18   2   1   1       1.14004167  p_x
   19   1   0   0       1.64639916  s
   19   2   1  -1       1.21455857  p_y
   19   2   1   0       1.02585057  p_z
   19   2   1   1       1.09819905  p_x
   20   1   0   0       1.63445899  s
   20   2   1  -1       1.07412667  p_y
   20   2   1   0       1.26942622  p_z
   20   2   1   1       1.03365192  p_x
   21   1   0   0       1.60895806  s
   21   2   1  -1       1.02552137  p_y
   21   2   1   0       1.28522213  p_z
   21   2   1   1       1.17751554  p_x
   22   1   0   0       1.71582961  s
   22   2   1  -1       1.19931188  p_y
   22   2   1   0       1.18511806  p_z
   22   2   1   1       1.05949135  p_x
   23   1   0   0       1.61280365  s
   23   2   1  -1       1.36514619  p_y
   23   2   1   0       1.02013133  p_z
   23   2   1   1       1.00096682  p_x
   24   1   0   0       1.65555855  s
   24   2   1  -1       1.07012873  p_y
   24   2   1   0       1.24293820  p_z
   24   2   1   1       0.98622491  p_x
   25   1   0   0       1.61857955  s
   25   2   1  -1       1.20798795  p_y
   25   2   1   0       1.09244937  p_z
   25   2   1   1       1.19257749  p_x
   26   1   0   0       1.64813649  s
   26   2   1  -1       1.08049283  p_y
   26   2   1   0       1.10225715  p_z
   26   2   1   1       1.16555246  p_x
   27   1   0   0       1.60243092  s
   27   2   1  -1       1.27975585  p_y
   27   2   1   0       1.19080980  p_z
   27   2   1   1       1.09310975  p_x
   28   1   0   0       1.55189329  s
   28   2   1  -1       0.97630156  p_y
   28   2   1   0       1.23931616  p_z
   28   2   1   1       1.19591041  p_x
   29   1   0   0       1.60187568  s
   29   2   1  -1       1.31769948  p_y
   29   2   1   0       1.02574381  p_z
   29   2   1   1       1.01536033  p_x
   30   1   0   0       1.67922250  s
   30   2   1  -1       1.09040801  p_y
   30   2   1   0       1.26778450  p_z
   30   2   1   1       1.03172367  p_x
   31   1   0   0       1.62044123  s
   31   2   1  -1       1.11657795  p_y
   31   2   1   0       1.06786692  p_z
   31   2   1   1       1.02457825  p_x
   32   1   0   0       1.63815754  s
   32   2   1  -1       1.24579474  p_y
   32   2   1   0       1.04956198  p_z
   32   2   1   1       1.05495841  p_x
   33   1   0   0       1.56645810  s
   33   2   1  -1       1.12332399  p_y
   33   2   1   0       1.09939847  p_z
   33   2   1   1       1.13274451  p_x
   34   1   0   0       1.61419238  s
   34   2   1  -1       1.35157577  p_y
   34   2   1   0       1.02113779  p_z
   34   2   1   1       1.05189803  p_x
   35   1   0   0       1.64469593  s
   35   2   1  -1       1.23800027  p_y
   35   2   1   0       1.12152634  p_z
   35   2   1   1       1.03952500  p_x
   36   1   0   0       1.61674422  s
   36   2   1  -1       1.36636536  p_y
   36   2   1   0       0.99495092  p_z
   36   2   1   1       1.01260490  p_x
   37   1   0   0       1.64452682  s
   37   2   1  -1       1.06366223  p_y
   37   2   1   0       1.27430034  p_z
   37   2   1   1       1.03076614  p_x
   38   1   0   0       1.61021588  s
   38   2   1  -1       0.99741782  p_y
   38   2   1   0       1.26034153  p_z
   38   2   1   1       1.09948945  p_x
   39   1   0   0       1.65388302  s
   39   2   1  -1       1.17738196  p_y
   39   2   1   0       0.99538687  p_z
   39   2   1   1       1.18120937  p_x
   40   1   0   0       1.35676379  s
   40   2   1  -1       1.37074140  p_y
   40   2   1   0       0.98425537  p_z
   40   2   1   1       1.21374137  p_x
   41   1   0   0       1.63522511  s
   41   2   1  -1       1.05708455  p_y
   41   2   1   0       1.19044737  p_z
   41   2   1   1       1.08850723  p_x
   42   1   0   0       1.58050592  s
   42   2   1  -1       1.12082982  p_y
   42   2   1   0       1.22500271  p_z
   42   2   1   1       1.00195325  p_x
   43   1   0   0       1.62084434  s
   43   2   1  -1       1.04263951  p_y
   43   2   1   0       1.11100072  p_z
   43   2   1   1       1.21941725  p_x
   44   1   0   0       1.61291920  s
   44   2   1  -1       1.05167058  p_y
   44   2   1   0       1.21347244  p_z
   44   2   1   1       1.10202949  p_x
   45   1   0   0       1.65325194  s
   45   2   1  -1       1.23501372  p_y
   45   2   1   0       1.04914067  p_z
   45   2   1   1       1.18310111  p_x
   46   1   0   0       1.62009623  s
   46   2   1  -1       0.95280140  p_y
   46   2   1   0       1.25992190  p_z
   46   2   1   1       1.15518299  p_x
   47   1   0   0       1.66091112  s
   47   2   1  -1       0.99215957  p_y
   47   2   1   0       1.17438009  p_z
   47   2   1   1       1.10965106  p_x
   48   1   0   0       1.62226810  s
   48   2   1  -1       1.05600098  p_y
   48   2   1   0       1.11894267  p_z
   48   2   1   1       1.21215656  p_x
   49   1   0   0       1.63122182  s
   49   2   1  -1       1.21342617  p_y
   49   2   1   0       1.16270753  p_z
   49   2   1   1       0.99633149  p_x
   50   1   0   0       1.65458560  s
   50   2   1  -1       1.14278415  p_y
   50   2   1   0       1.08101678  p_z
   50   2   1   1       1.21459245  p_x
   51   1   0   0       1.62719685  s
   51   2   1  -1       1.10394962  p_y
   51   2   1   0       1.13507051  p_z
   51   2   1   1       1.21741108  p_x
   52   1   0   0       1.62002861  s
   52   2   1  -1       1.04369408  p_y
   52   2   1   0       1.21885647  p_z
   52   2   1   1       1.06568184  p_x
   53   1   0   0       1.62985913  s
   53   2   1  -1       1.08871268  p_y
   53   2   1   0       1.25177159  p_z
   53   2   1   1       1.06499335  p_x
   54   1   0   0       1.64061421  s
   54   2   1  -1       1.05684043  p_y
   54   2   1   0       1.26828120  p_z
   54   2   1   1       1.02564861  p_x
   55   1   0   0       1.65481313  s
   55   2   1  -1       1.20231975  p_y
   55   2   1   0       1.08823608  p_z
   55   2   1   1       1.09570111  p_x
   56   1   0   0       1.68269717  s
   56   2   1  -1       1.15445752  p_y
   56   2   1   0       1.10509562  p_z
   56   2   1   1       1.07205217  p_x
   57   1   0   0       1.68034510  s
   57   2   1  -1       1.25898163  p_y
   57   2   1   0       1.05930226  p_z
   57   2   1   1       1.05847125  p_x
   58   1   0   0       1.64925702  s
   58   2   1  -1       1.21026541  p_y
   58   2   1   0       1.06785841  p_z
   58   2   1   1       1.04136540  p_x
   59   1   0   0       1.66075463  s
   59   2   1  -1       1.23983957  p_y
   59   2   1   0       1.03600047  p_z
   59   2   1   1       1.10636399  p_x
   60   1   0   0       1.52642589  s
   60   2   1  -1       1.10268107  p_y
   60   2   1   0       1.15961913  p_z
   60   2   1   1       1.09952658  p_x
   61   1   0   0       1.65252725  s
   61   2   1  -1       1.03771871  p_y
   61   2   1   0       1.23087148  p_z
   61   2   1   1       1.08738691  p_x
   62   1   0   0       1.31947759  s
   62   2   1  -1       1.16367794  p_y
   62   2   1   0       0.99754998  p_z
   62   2   1   1       0.98936490  p_x
   63   1   0   0       1.71623982  s
   63   2   1  -1       1.03761069  p_y
   63   2   1   0       1.23006417  p_z
   63   2   1   1       1.08422010  p_x
   64   1   0   0       1.67603438  s
   64   2   1  -1       1.06154785  p_y
   64   2   1   0       1.04494133  p_z
   64   2   1   1       1.25053280  p_x
   65   1   0   0       1.62897440  s
   65   2   1  -1       1.07958967  p_y
   65   2   1   0       1.07435055  p_z
   65   2   1   1       1.23452462  p_x
   66   1   0   0       1.63620334  s
   66   2   1  -1       1.16764751  p_y
   66   2   1   0       1.09353483  p_z
   66   2   1   1       1.09667878  p_x
   67   1   0   0       1.71146705  s
   67   2   1  -1       1.07192898  p_y
   67   2   1   0       1.23159675  p_z
   67   2   1   1       0.98270942  p_x
   68   1   0   0       1.64574829  s
   68   2   1  -1       1.30331860  p_y
   68   2   1   0       1.10745126  p_z
   68   2   1   1       1.03760138  p_x
   69   1   0   0       1.68302399  s
   69   2   1  -1       1.20315372  p_y
   69   2   1   0       1.05666118  p_z
   69   2   1   1       1.09373554  p_x
   70   1   0   0       1.64440952  s
   70   2   1  -1       1.19814145  p_y
   70   2   1   0       1.05933211  p_z
   70   2   1   1       1.04897395  p_x
   71   1   0   0       1.42891781  s
   71   2   1  -1       0.93886268  p_y
   71   2   1   0       1.57509539  p_z
   71   2   1   1       0.98359282  p_x
   72   1   0   0       1.67037557  s
   72   2   1  -1       1.05971905  p_y
   72   2   1   0       1.01849822  p_z
   72   2   1   1       1.23857866  p_x
   73   1   0   0       1.44036824  s
   73   2   1  -1       1.07002059  p_y
   73   2   1   0       1.16496020  p_z
   73   2   1   1       1.23656988  p_x
   74   1   0   0       1.68639044  s
   74   2   1  -1       1.19783433  p_y
   74   2   1   0       1.13146513  p_z
   74   2   1   1       1.08756322  p_x
   75   1   0   0       1.66618248  s
   75   2   1  -1       1.27068712  p_y
   75   2   1   0       0.98584423  p_z
   75   2   1   1       1.09586956  p_x
   76   1   0   0       1.64534879  s
   76   2   1  -1       1.22403590  p_y
   76   2   1   0       1.00613830  p_z
   76   2   1   1       1.11186206  p_x
   77   1   0   0       1.62170741  s
   77   2   1  -1       1.15629826  p_y
   77   2   1   0       1.06572931  p_z
   77   2   1   1       1.17910887  p_x
   78   1   0   0       1.61527503  s
   78   2   1  -1       1.26571030  p_y
   78   2   1   0       1.02503713  p_z
   78   2   1   1       1.10791120  p_x
   79   1   0   0       1.64279003  s
   79   2   1  -1       1.27727783  p_y
   79   2   1   0       1.02177987  p_z
   79   2   1   1       1.08030755  p_x
   80   1   0   0       1.59692470  s
   80   2   1  -1       1.14370328  p_y
   80   2   1   0       0.97193211  p_z
   80   2   1   1       1.20912515  p_x
   81   1   0   0       1.60020380  s
   81   2   1  -1       0.96318258  p_y
   81   2   1   0       1.06796585  p_z
   81   2   1   1       1.27876188  p_x
   82   1   0   0       1.59697002  s
   82   2   1  -1       1.25894415  p_y
   82   2   1   0       0.98132867  p_z
   82   2   1   1       1.08687049  p_x
   83   1   0   0       1.71909040  s
   83   2   1  -1       1.16073920  p_y
   83   2   1   0       1.05774564  p_z
   83   2   1   1       1.11698990  p_x
   84   1   0   0       1.70642889  s
   84   2   1  -1       1.11460550  p_y
   84   2   1   0       1.06820927  p_z
   84   2   1   1       1.23177176  p_x
   85   1   0   0       1.59279167  s
   85   2   1  -1       1.11618781  p_y
   85   2   1   0       1.11393624  p_z
   85   2   1   1       1.08120275  p_x
   86   1   0   0       1.56407507  s
   86   2   1  -1       1.51143688  p_y
   86   2   1   0       1.03167310  p_z
   86   2   1   1       0.92595918  p_x
   87   1   0   0       1.66646132  s
   87   2   1  -1       1.25637224  p_y
   87   2   1   0       1.01353833  p_z
   87   2   1   1       1.05835726  p_x
   88   1   0   0       1.67345510  s
   88   2   1  -1       1.14408604  p_y
   88   2   1   0       1.20186854  p_z
   88   2   1   1       1.03797534  p_x
   89   1   0   0       1.64111554  s
   89   2   1  -1       1.06918150  p_y
   89   2   1   0       1.24171135  p_z
   89   2   1   1       1.12059785  p_x
   90   1   0   0       1.64605063  s
   90   2   1  -1       1.04975763  p_y
   90   2   1   0       1.18415502  p_z
   90   2   1   1       1.17199491  p_x
   91   1   0   0       1.52546585  s
   91   2   1  -1       1.08492589  p_y
   91   2   1   0       1.12920588  p_z
   91   2   1   1       1.18623293  p_x
   92   1   0   0       1.57783938  s
   92   2   1  -1       1.09488172  p_y
   92   2   1   0       1.03843233  p_z
   92   2   1   1       1.18003894  p_x
   93   1   0   0       1.62664338  s
   93   2   1  -1       1.24194037  p_y
   93   2   1   0       1.06036881  p_z
   93   2   1   1       1.06417697  p_x
   94   1   0   0       1.89299171  s
   94   2   1  -1       1.22313616  p_y
